[debug] [2024-06-10T10:06:17.612Z] ----------------------------------------------------------------------
[debug] [2024-06-10T10:06:17.614Z] Command:       /usr/local/bin/firebase /Users/meetchaudhari/.cache/firebase/tools/lib/node_modules/firebase-tools/lib/bin/firebase apps:create ios news_flutter (ios) --bundle-id=com.stacknyu.dahod_live --json --project=dahod-live-news-202f0
[debug] [2024-06-10T10:06:17.615Z] CLI Version:   12.4.7
[debug] [2024-06-10T10:06:17.615Z] Platform:      darwin
[debug] [2024-06-10T10:06:17.616Z] Node Version:  v16.16.0
[debug] [2024-06-10T10:06:17.617Z] Time:          Mon Jun 10 2024 15:36:17 GMT+0530 (India Standard Time)
[debug] [2024-06-10T10:06:17.618Z] ----------------------------------------------------------------------
[debug] 
[debug] [2024-06-10T10:06:17.629Z] > command requires scopes: ["email","openid","https://www.googleapis.com/auth/cloudplatformprojects.readonly","https://www.googleapis.com/auth/firebase","https://www.googleapis.com/auth/cloud-platform"]
[debug] [2024-06-10T10:06:17.631Z] > authorizing via signed-in user (dahodlivenews@gmail.com)
[info] Create your IOS app in project dahod-live-news-202f0:
[debug] [2024-06-10T10:06:17.637Z] >>> [apiv2][query] POST https://firebase.googleapis.com/v1beta1/projects/dahod-live-news-202f0/iosApps [none]
[debug] [2024-06-10T10:06:17.639Z] >>> [apiv2][body] POST https://firebase.googleapis.com/v1beta1/projects/dahod-live-news-202f0/iosApps {"displayName":"news_flutter (ios)","bundleId":"com.stacknyu.dahod_live"}
[debug] [2024-06-10T10:06:18.460Z] <<< [apiv2][status] POST https://firebase.googleapis.com/v1beta1/projects/dahod-live-news-202f0/iosApps 400
[debug] [2024-06-10T10:06:18.463Z] <<< [apiv2][body] POST https://firebase.googleapis.com/v1beta1/projects/dahod-live-news-202f0/iosApps {"error":{"code":400,"message":"Request contains an invalid argument.","status":"INVALID_ARGUMENT"}}
[debug] [2024-06-10T10:06:18.465Z] HTTP Error: 400, Request contains an invalid argument.
[debug] [2024-06-10T10:06:18.688Z] FirebaseError: HTTP Error: 400, Request contains an invalid argument.
    at responseToError (/Users/meetchaudhari/.cache/firebase/tools/lib/node_modules/firebase-tools/lib/responseToError.js:49:12)
    at RetryOperation._fn (/Users/meetchaudhari/.cache/firebase/tools/lib/node_modules/firebase-tools/lib/apiv2.js:285:77)
    at processTicksAndRejections (node:internal/process/task_queues:96:5)
[error] 
[error] Error: Failed to create iOS app for project dahod-live-news-202f0. See firebase-debug.log for more info.
